PRT1
137
399
4 0 4 (-4050 -1024 640 ) (-4094 -1024 640 ) (-4094 -1024 -90 ) (-4050 -1024 -90 ) 
4 0 2 (-4094 -1024 390 ) (-4094 -1024 640 ) (-4094 -586 640 ) (-4094 -586 390 ) 
4 0 3 (-4094 -586 -90 ) (-4094 -1024 -90 ) (-4094 -1024 126 ) (-4094 -586 126 ) 
4 0 1 (-4094 -218 -90 ) (-4094 -586 -90 ) (-4094 -586 640 ) (-4094 -218 640 ) 
4 1 55 (-4096 -218 32 ) (-4096 -218 -90 ) (-4096 -586 -90 ) (-4096 -586 32 ) 
4 1 51 (-4096 -218 126 ) (-4096 -218 32 ) (-4096 -586 32 ) (-4096 -586 126 ) 
4 1 9 (-4096 -586 640 ) (-4096 -218 640 ) (-4096 -218 126 ) (-4096 -586 126 ) 
4 1 2 (-4094 -586 390 ) (-4094 -586 640 ) (-4096 -586 640 ) (-4096 -586 390 ) 
4 1 3 (-4096 -586 -90 ) (-4094 -586 -90 ) (-4094 -586 126 ) (-4096 -586 126 ) 
4 2 17 (-4096 -1024 390 ) (-4096 -1024 640 ) (-4096 -691 640 ) (-4096 -691 390 ) 
4 2 10 (-4096 -691 640 ) (-4096 -586 640 ) (-4096 -586 390 ) (-4096 -691 390 ) 
4 2 5 (-4094 -1024 640 ) (-4096 -1024 640 ) (-4096 -1024 390 ) (-4094 -1024 390 ) 
4 3 55 (-4096 -1024 -90 ) (-4096 -1024 32 ) (-4096 -586 32 ) (-4096 -586 -90 ) 
4 3 51 (-4096 -1024 32 ) (-4096 -1024 126 ) (-4096 -586 126 ) (-4096 -586 32 ) 
4 3 6 (-4096 -1024 126 ) (-4096 -1024 -90 ) (-4094 -1024 -90 ) (-4094 -1024 126 ) 
4 4 8 (-4094 -1129 -90 ) (-4050 -1129 -90 ) (-4050 -1129 0 ) (-4094 -1129 0 ) 
4 4 7 (-4050 -1129 0 ) (-4050 -1129 640 ) (-4094 -1129 640 ) (-4094 -1129 0 ) 
4 4 6 (-4094 -1024 -90 ) (-4094 -1129 -90 ) (-4094 -1129 126 ) (-4094 -1024 126 ) 
4 4 5 (-4094 -1129 390 ) (-4094 -1129 640 ) (-4094 -1024 640 ) (-4094 -1024 390 ) 
4 5 105 (-4096 -1024 436.499878 ) (-4096 -1024 390 ) (-4096 -1129 390 ) (-4096 -1129 436.499878 ) 
4 5 100 (-4096 -1129 640 ) (-4096 -1024 640 ) (-4096 -1024 436.499878 ) (-4096 -1129 436.499878 ) 
4 5 7 (-4094 -1129 390 ) (-4094 -1129 640 ) (-4096 -1129 640 ) (-4096 -1129 390 ) 
4 6 131 (-4096 -1024 0 ) (-4096 -1024 -90 ) (-4096 -1129 -90 ) (-4096 -1129 0 ) 
4 6 124 (-4096 -1024 126 ) (-4096 -1024 0 ) (-4096 -1129 0 ) (-4096 -1129 126 ) 
4 6 8 (-4096 -1129 -90 ) (-4094 -1129 -90 ) (-4094 -1129 0 ) (-4096 -1129 0 ) 
4 6 7 (-4094 -1129 0 ) (-4094 -1129 126 ) (-4096 -1129 126 ) (-4096 -1129 0 ) 
4 7 127 (-4096 -1129 126 ) (-4096 -1129 0 ) (-4096 -1160 0 ) (-4096 -1160 126 ) 
4 7 116 (-4096 -1160 640 ) (-4096 -1137 640 ) (-4096 -1137 126 ) (-4096 -1160 126 ) 
4 7 114 (-4096 -1137 640 ) (-4096 -1129 640 ) (-4096 -1129 126 ) (-4096 -1137 126 ) 
4 7 8 (-4096 -1129 0 ) (-4050 -1129 0 ) (-4050 -1160 0 ) (-4096 -1160 0 ) 
4 8 131 (-4096 -1160 0 ) (-4096 -1129 0 ) (-4096 -1129 -90 ) (-4096 -1160 -90 ) 
4 9 52 (-4637 -489 126 ) (-4637 -218 126 ) (-4102 -218 126 ) (-4102 -489 126 ) 
4 9 51 (-4096 -218 126 ) (-4096 -586 126 ) (-4102 -586 126 ) (-4102 -218 126 ) 
4 9 15 (-4637 -514 126 ) (-4637 -586 126 ) (-4637 -586 238 ) (-4637 -514 238 ) 
4 9 14 (-4637 -586 390 ) (-4637 -586 640 ) (-4637 -514 640 ) (-4637 -514 390 ) 
4 9 13 (-4637 -514 390 ) (-4637 -514 640 ) (-4637 -489 640 ) (-4637 -489 390 ) 
4 9 12 (-4637 -218 126 ) (-4637 -489 126 ) (-4637 -489 640 ) (-4637 -218 640 ) 
4 9 11 (-4637 -586 640 ) (-4637 -586 126 ) (-4102 -586 126 ) (-4102 -586 640 ) 
4 9 10 (-4096 -586 390 ) (-4096 -586 640 ) (-4102 -586 640 ) (-4102 -586 390 ) 
4 10 17 (-4096 -691 390 ) (-4096 -691 640 ) (-4102 -691 640 ) (-4102 -691 390 ) 
4 10 11 (-4102 -586 640 ) (-4102 -586 390 ) (-4102 -691 390 ) (-4102 -691 640 ) 
4 11 29 (-4606 -691 390 ) (-4606 -691 640 ) (-4637 -691 640 ) (-4637 -691 390 ) 
4 11 28 (-4606 -691 126 ) (-4473 -691 126 ) (-4473 -691 238 ) (-4606 -691 238 ) 
4 11 27 (-4473 -691 390 ) (-4473 -691 640 ) (-4606 -691 640 ) (-4606 -691 390 ) 
4 11 26 (-4448 -691 390 ) (-4448 -691 640 ) (-4473 -691 640 ) (-4473 -691 390 ) 
4 11 25 (-4448 -691 126 ) (-4392 -691 126 ) (-4392 -691 238 ) (-4448 -691 238 ) 
4 11 24 (-4392 -691 390 ) (-4392 -691 640 ) (-4448 -691 640 ) (-4448 -691 390 ) 
4 11 22 (-4367 -691 390 ) (-4367 -691 640 ) (-4392 -691 640 ) (-4392 -691 390 ) 
4 11 21 (-4367 -691 126 ) (-4234 -691 126 ) (-4234 -691 238 ) (-4367 -691 238 ) 
4 11 20 (-4234 -691 390 ) (-4234 -691 640 ) (-4367 -691 640 ) (-4367 -691 390 ) 
4 11 19 (-4209 -691 390 ) (-4209 -691 640 ) (-4234 -691 640 ) (-4234 -691 390 ) 
4 11 18 (-4209 -691 126 ) (-4102 -691 126 ) (-4102 -691 640 ) (-4209 -691 640 ) 
4 11 16 (-4637 -691 390 ) (-4637 -691 640 ) (-4637 -647 640 ) (-4637 -647 390 ) 
4 11 15 (-4637 -586 126 ) (-4637 -647 126 ) (-4637 -647 238 ) (-4637 -586 238 ) 
4 11 14 (-4637 -647 390 ) (-4637 -647 640 ) (-4637 -586 640 ) (-4637 -586 390 ) 
4 12 52 (-4645 -489 126 ) (-4645 -218 126 ) (-4637 -218 126 ) (-4637 -489 126 ) 
4 12 35 (-4645 -489 390 ) (-4645 -489 640 ) (-4645 -481 640 ) (-4645 -481 390 ) 
4 12 34 (-4645 -218 126 ) (-4645 -481 126 ) (-4645 -481 640 ) (-4645 -218 640 ) 
4 12 13 (-4645 -489 640 ) (-4645 -489 390 ) (-4637 -489 390 ) (-4637 -489 640 ) 
4 13 36 (-4645 -514 390 ) (-4645 -514 640 ) (-4645 -489 640 ) (-4645 -489 390 ) 
4 13 14 (-4645 -514 640 ) (-4645 -514 390 ) (-4637 -514 390 ) (-4637 -514 640 ) 
4 14 36 (-4645 -647 390 ) (-4645 -647 640 ) (-4645 -514 640 ) (-4645 -514 390 ) 
4 14 16 (-4645 -647 640 ) (-4645 -647 390 ) (-4637 -647 390 ) (-4637 -647 640 ) 
4 15 36 (-4645 -514 126 ) (-4645 -647 126 ) (-4645 -647 238 ) (-4645 -514 238 ) 
4 16 36 (-4645 -691 390 ) (-4645 -691 640 ) (-4645 -647 640 ) (-4645 -647 390 ) 
4 16 31 (-4645 -691 640 ) (-4645 -691 390 ) (-4637 -691 390 ) (-4637 -691 640 ) 
4 17 105 (-4096 -1024 390 ) (-4096 -1024 436.499878 ) (-4102 -1024 430.499817 ) (-4102 -1024 390 ) 
4 17 100 (-4096 -1024 436.499878 ) (-4096 -1024 640 ) (-4102 -1024 640 ) (-4102 -1024 430.499817 ) 
4 17 18 (-4102 -691 640 ) (-4102 -691 390 ) (-4102 -1024 390 ) (-4102 -1024 640 ) 
4 18 106 (-4209 -1024 323.499969 ) (-4209 -1024 126 ) (-4102 -1024 126 ) (-4102 -1024 430.499908 ) 
4 18 100 (-4209 -1024 640 ) (-4209 -1024 323.499969 ) (-4102 -1024 430.499908 ) (-4102 -1024 640 ) 
4 18 23 (-4209 -699 126 ) (-4209 -1024 126 ) (-4209 -1024 640 ) (-4209 -699 640 ) 
4 18 19 (-4209 -691 640 ) (-4209 -691 390 ) (-4209 -699 390 ) (-4209 -699 640 ) 
4 19 23 (-4209 -699 390 ) (-4209 -699 640 ) (-4234 -699 640 ) (-4234 -699 390 ) 
4 19 20 (-4234 -691 640 ) (-4234 -691 390 ) (-4234 -699 390 ) (-4234 -699 640 ) 
4 20 23 (-4234 -699 390 ) (-4234 -699 640 ) (-4367 -699 640 ) (-4367 -699 390 ) 
4 20 22 (-4367 -691 640 ) (-4367 -691 390 ) (-4367 -699 390 ) (-4367 -699 640 ) 
4 21 23 (-4367 -699 126 ) (-4234 -699 126 ) (-4234 -699 238 ) (-4367 -699 238 ) 
4 22 24 (-4392 -691 640 ) (-4392 -691 390 ) (-4392 -699 390 ) (-4392 -699 640 ) 
4 22 23 (-4392 -699 640 ) (-4392 -699 390 ) (-4367 -699 390 ) (-4367 -699 640 ) 
4 23 106 (-4392 -1024 140.499847 ) (-4392 -1024 126 ) (-4209 -1024 126 ) (-4209 -1024 323.499969 ) 
4 23 101 (-4392 -1024 166.692001 ) (-4392 -1024 165.808014 ) (-4366.691895 -1024 165.808014 ) (-4365.808105 -1024 166.692001 ) 
5 23 100 (-4392 -1024 640 ) (-4392 -1024 166.692001 ) (-4365.808105 -1024 166.692001 ) (-4209 -1024 323.499969 ) (-4209 -1024 640 ) 
3 23 104 (-4392 -1024 165.808014 ) (-4392 -1024 140.499847 ) (-4366.691895 -1024 165.808014 ) 
4 23 30 (-4392 -699 126 ) (-4392 -1024 126 ) (-4392 -1024 640 ) (-4392 -699 640 ) 
4 24 30 (-4392 -699 390 ) (-4392 -699 640 ) (-4448 -699 640 ) (-4448 -699 390 ) 
4 24 26 (-4448 -691 640 ) (-4448 -691 390 ) (-4448 -699 390 ) (-4448 -699 640 ) 
4 25 30 (-4448 -699 126 ) (-4392 -699 126 ) (-4392 -699 238 ) (-4448 -699 238 ) 
4 26 30 (-4448 -699 390 ) (-4448 -699 640 ) (-4473 -699 640 ) (-4473 -699 390 ) 
4 26 27 (-4473 -691 640 ) (-4473 -691 390 ) (-4473 -699 390 ) (-4473 -699 640 ) 
4 27 30 (-4473 -699 390 ) (-4473 -699 640 ) (-4606 -699 640 ) (-4606 -699 390 ) 
4 27 29 (-4606 -691 640 ) (-4606 -691 390 ) (-4606 -699 390 ) (-4606 -699 640 ) 
4 28 30 (-4606 -699 126 ) (-4473 -699 126 ) (-4473 -699 238 ) (-4606 -699 238 ) 
4 29 31 (-4637 -691 640 ) (-4637 -691 390 ) (-4637 -699 390 ) (-4637 -699 640 ) 
4 29 30 (-4637 -699 640 ) (-4637 -699 390 ) (-4606 -699 390 ) (-4606 -699 640 ) 
3 30 106 (-4406.500000 -1024 126 ) (-4392 -1024 126 ) (-4392 -1024 140.499832 ) 
4 30 101 (-4637 -1024 166.692001 ) (-4637 -1024 165.808014 ) (-4392 -1024 165.808014 ) (-4392 -1024 166.692001 ) 
4 30 100 (-4637 -1024 640 ) (-4637 -1024 166.692001 ) (-4392 -1024 166.692001 ) (-4392 -1024 640 ) 
5 30 104 (-4637 -1024 165.808014 ) (-4637 -1024 126 ) (-4406.500000 -1024 126 ) (-4392 -1024 140.499832 ) (-4392 -1024 165.808014 ) 
4 30 33 (-4637 -980 126 ) (-4637 -1024 126 ) (-4637 -1024 264 ) (-4637 -980 264 ) 
4 30 32 (-4637 -1024 390 ) (-4637 -1024 640 ) (-4637 -980 640 ) (-4637 -980 390 ) 
4 30 31 (-4637 -980 390 ) (-4637 -980 640 ) (-4637 -699 640 ) (-4637 -699 390 ) 
4 31 36 (-4645 -980 390 ) (-4645 -980 640 ) (-4645 -691 640 ) (-4645 -691 390 ) 
4 31 32 (-4645 -980 640 ) (-4645 -980 390 ) (-4637 -980 390 ) (-4637 -980 640 ) 
4 32 111 (-4645 -1024 640 ) (-4645 -1024 390 ) (-4637 -1024 390 ) (-4637 -1024 640 ) 
4 32 36 (-4645 -1024 390 ) (-4645 -1024 640 ) (-4645 -980 640 ) (-4645 -980 390 ) 
4 33 112 (-4645 -1024 264 ) (-4645 -1024 126 ) (-4637 -1024 126 ) (-4637 -1024 264 ) 
4 33 36 (-4645 -980 126 ) (-4645 -1024 126 ) (-4645 -1024 264 ) (-4645 -980 264 ) 
4 34 52 (-4867 -481 126 ) (-4867 -218 126 ) (-4645 -218 126 ) (-4645 -481 126 ) 
4 34 38 (-4867 -481 390 ) (-4867 -481 640 ) (-4867 -345 640 ) (-4867 -345 390 ) 
4 34 37 (-4867 -218 126 ) (-4867 -345 126 ) (-4867 -345 640 ) (-4867 -218 640 ) 
4 34 35 (-4867 -481 640 ) (-4867 -481 390 ) (-4645 -481 390 ) (-4645 -481 640 ) 
4 35 38 (-4867 -489 390 ) (-4867 -489 640 ) (-4867 -481 640 ) (-4867 -481 390 ) 
4 35 36 (-4867 -489 640 ) (-4867 -489 390 ) (-4645 -489 390 ) (-4645 -489 640 ) 
4 36 117 (-4867 -1024 640 ) (-4867 -1024 126 ) (-4645 -1024 126 ) (-4645 -1024 640 ) 
4 36 41 (-4867 -1024 390 ) (-4867 -1024 640 ) (-4867 -869 640 ) (-4867 -869 390 ) 
4 36 39 (-4867 -869 390 ) (-4867 -869 640 ) (-4867 -756 640 ) (-4867 -756 390 ) 
4 36 40 (-4867 -756 126 ) (-4867 -869 126 ) (-4867 -869 268 ) (-4867 -756 268 ) 
4 36 38 (-4867 -756 390 ) (-4867 -756 640 ) (-4867 -489 640 ) (-4867 -489 390 ) 
4 37 52 (-4876 -345 126 ) (-4876 -218 126 ) (-4867 -218 126 ) (-4867 -345 126 ) 
4 37 43 (-4876 -345 390 ) (-4876 -345 640 ) (-4876 -337 640 ) (-4876 -337 390 ) 
4 37 42 (-4876 -218 126 ) (-4876 -337 126 ) (-4876 -337 640 ) (-4876 -218 640 ) 
4 37 38 (-4876 -345 640 ) (-4876 -345 390 ) (-4867 -345 390 ) (-4867 -345 640 ) 
4 38 50 (-4876 -756 390 ) (-4876 -756 640 ) (-4876 -489 640 ) (-4876 -489 390 ) 
4 38 45 (-4876 -489 640 ) (-4876 -481 640 ) (-4876 -481 390 ) (-4876 -489 390 ) 
4 38 44 (-4876 -481 640 ) (-4876 -345 640 ) (-4876 -345 390 ) (-4876 -481 390 ) 
4 38 39 (-4876 -756 640 ) (-4876 -756 390 ) (-4867 -756 390 ) (-4867 -756 640 ) 
4 39 50 (-4876 -869 390 ) (-4876 -869 640 ) (-4876 -756 640 ) (-4876 -756 390 ) 
4 39 41 (-4876 -869 640 ) (-4876 -869 390 ) (-4867 -869 390 ) (-4867 -869 640 ) 
4 40 50 (-4876 -756 126 ) (-4876 -869 126 ) (-4876 -869 268 ) (-4876 -756 268 ) 
4 41 121 (-4876 -1024 640 ) (-4876 -1024 390 ) (-4867 -1024 390 ) (-4867 -1024 640 ) 
4 41 50 (-4876 -1024 390 ) (-4876 -1024 640 ) (-4876 -869 640 ) (-4876 -869 390 ) 
4 42 56 (-5120 -218 126 ) (-5120 -337 126 ) (-5120 -337 640 ) (-5120 -218 640 ) 
4 42 54 (-5120 -337 126 ) (-5120 -218 126 ) (-4876 -218 126 ) (-4876 -337 126 ) 
4 42 43 (-4876 -337 390 ) (-4876 -337 640 ) (-5120 -337 640 ) (-5120 -337 390 ) 
4 43 57 (-5120 -337 640 ) (-5120 -337 390 ) (-5120 -345 390 ) (-5120 -345 640 ) 
4 43 44 (-5120 -345 640 ) (-5120 -345 390 ) (-4876 -345 390 ) (-4876 -345 640 ) 
4 44 58 (-5120 -345 640 ) (-5120 -345 126 ) (-5120 -481 126 ) (-5120 -481 640 ) 
4 44 49 (-4982 -481 390 ) (-4982 -481 640 ) (-5120 -481 640 ) (-5120 -481 390 ) 
4 44 47 (-4926 -481 252 ) (-4926 -481 286 ) (-4982 -481 286 ) (-4982 -481 252 ) 
4 44 48 (-4982 -481 126 ) (-4926 -481 126 ) (-4926 -481 238 ) (-4982 -481 238 ) 
4 44 46 (-4926 -481 390 ) (-4926 -481 640 ) (-4982 -481 640 ) (-4982 -481 390 ) 
4 44 45 (-4876 -481 390 ) (-4876 -481 640 ) (-4926 -481 640 ) (-4926 -481 390 ) 
4 45 50 (-4876 -489 390 ) (-4876 -489 640 ) (-4926 -489 640 ) (-4926 -489 390 ) 
4 45 46 (-4926 -481 640 ) (-4926 -481 390 ) (-4926 -489 390 ) (-4926 -489 640 ) 
4 46 50 (-4926 -489 390 ) (-4926 -489 640 ) (-4982 -489 640 ) (-4982 -489 390 ) 
4 46 49 (-4982 -481 640 ) (-4982 -481 390 ) (-4982 -489 390 ) (-4982 -489 640 ) 
4 47 50 (-4926 -489 252 ) (-4926 -489 286 ) (-4982 -489 286 ) (-4982 -489 252 ) 
4 48 50 (-4982 -489 126 ) (-4926 -489 126 ) (-4926 -489 238 ) (-4982 -489 238 ) 
4 49 59 (-5120 -481 640 ) (-5120 -481 390 ) (-5120 -489 390 ) (-5120 -489 640 ) 
4 49 50 (-5120 -489 640 ) (-5120 -489 390 ) (-4982 -489 390 ) (-4982 -489 640 ) 
4 50 123 (-5120 -1024 640 ) (-5120 -1024 126 ) (-4966 -1024 126 ) (-4966 -1024 640 ) 
4 50 122 (-4966 -1024 126 ) (-4876 -1024 126 ) (-4876 -1024 640 ) (-4966 -1024 640 ) 
4 50 60 (-5120 -1024 126 ) (-5120 -1024 640 ) (-5120 -489 640 ) (-5120 -489 126 ) 
4 51 124 (-4096 -1024 32 ) (-4096 -1024 126 ) (-4102 -1024 126 ) (-4102 -1024 32 ) 
4 51 55 (-4096 -218 32 ) (-4096 -1024 32 ) (-4102 -1024 32 ) (-4102 -218 32 ) 
4 51 53 (-4102 -489 32 ) (-4102 -1024 32 ) (-4102 -1024 116 ) (-4102 -489 116 ) 
4 51 52 (-4102 -218 126 ) (-4102 -218 32 ) (-4102 -489 32 ) (-4102 -489 126 ) 
4 52 55 (-4876 -489 32 ) (-4876 -218 32 ) (-4102 -218 32 ) (-4102 -489 32 ) 
4 52 54 (-4876 -218 32 ) (-4876 -345 32 ) (-4876 -345 126 ) (-4876 -218 126 ) 
4 52 53 (-4876 -489 116 ) (-4876 -489 32 ) (-4102 -489 32 ) (-4102 -489 116 ) 
4 53 125 (-4876 -1024 116 ) (-4876 -1024 32 ) (-4102 -1024 32 ) (-4102 -1024 116 ) 
4 53 55 (-4102 -1024 32 ) (-4876 -1024 32 ) (-4876 -489 32 ) (-4102 -489 32 ) 
4 54 61 (-5120 -345 126 ) (-5120 -218 126 ) (-5120 -218 32 ) (-5120 -345 32 ) 
4 54 55 (-5120 -345 32 ) (-5120 -218 32 ) (-4876 -218 32 ) (-4876 -345 32 ) 
4 55 131 (-4096 -1024 -90 ) (-4096 -1024 0 ) (-5120 -1024 0 ) (-5120 -1024 -90 ) 
4 55 126 (-4876 -1024 32 ) (-5120 -1024 32 ) (-5120 -1024 0 ) (-4876 -1024 0 ) 
4 55 125 (-4102 -1024 32 ) (-4876 -1024 32 ) (-4876 -1024 0 ) (-4102 -1024 0 ) 
4 55 124 (-4096 -1024 0 ) (-4096 -1024 32 ) (-4102 -1024 32 ) (-4102 -1024 0 ) 
4 55 62 (-5120 -1024 -90 ) (-5120 -1024 32 ) (-5120 -218 32 ) (-5120 -218 -90 ) 
4 56 63 (-5132 -218 126 ) (-5132 -337 126 ) (-5132 -337 640 ) (-5132 -218 640 ) 
4 56 61 (-5132 -337 126 ) (-5132 -218 126 ) (-5120 -218 126 ) (-5120 -337 126 ) 
4 56 57 (-5132 -337 640 ) (-5132 -337 390 ) (-5120 -337 390 ) (-5120 -337 640 ) 
4 57 63 (-5132 -345 390 ) (-5132 -345 640 ) (-5132 -337 640 ) (-5132 -337 390 ) 
4 57 58 (-5132 -345 640 ) (-5132 -345 390 ) (-5120 -345 390 ) (-5120 -345 640 ) 
4 58 69 (-5132 -481 390 ) (-5132 -481 640 ) (-5132 -409 640 ) (-5132 -409 390 ) 
4 58 67 (-5132 -409 252 ) (-5132 -409 286 ) (-5132 -353 286 ) (-5132 -353 252 ) 
4 58 66 (-5132 -409 390 ) (-5132 -409 640 ) (-5132 -353 640 ) (-5132 -353 390 ) 
4 58 64 (-5132 -353 390 ) (-5132 -353 640 ) (-5132 -345 640 ) (-5132 -345 390 ) 
4 58 59 (-5132 -481 640 ) (-5132 -481 390 ) (-5120 -481 390 ) (-5120 -481 640 ) 
4 59 71 (-5132 -489 521 ) (-5132 -489 640 ) (-5132 -481 640 ) (-5132 -481 521 ) 
4 59 60 (-5132 -489 640 ) (-5132 -489 390 ) (-5120 -489 390 ) (-5120 -489 640 ) 
4 60 132 (-5120 -1024 126 ) (-5120 -1024 640 ) (-5132 -1024 640 ) (-5132 -1024 126 ) 
4 60 83 (-5132 -855 126 ) (-5132 -1024 126 ) (-5132 -1024 127 ) (-5132 -855 127 ) 
4 60 82 (-5132 -1024 391 ) (-5132 -1024 640 ) (-5132 -855 640 ) (-5132 -855 391 ) 
4 60 79 (-5132 -704 126 ) (-5132 -817 126 ) (-5132 -817 640 ) (-5132 -704 640 ) 
4 60 78 (-5132 -665 126 ) (-5132 -704 126 ) (-5132 -704 640 ) (-5132 -665 640 ) 
4 60 80 (-5132 -817 126 ) (-5132 -855 126 ) (-5132 -855 640 ) (-5132 -817 640 ) 
4 60 76 (-5132 -665 521 ) (-5132 -665 640 ) (-5132 -625 640 ) (-5132 -625 521 ) 
4 60 74 (-5132 -512 126 ) (-5132 -625 126 ) (-5132 -625 246 ) (-5132 -512 246 ) 
4 60 73 (-5132 -625 521 ) (-5132 -625 640 ) (-5132 -512 640 ) (-5132 -512 521 ) 
4 60 71 (-5132 -512 521 ) (-5132 -512 640 ) (-5132 -489 640 ) (-5132 -489 521 ) 
4 61 63 (-5132 -218 32 ) (-5132 -345 32 ) (-5132 -345 126 ) (-5132 -218 126 ) 
4 61 62 (-5132 -345 32 ) (-5132 -218 32 ) (-5120 -218 32 ) (-5120 -345 32 ) 
4 62 133 (-5120 -1024 -90 ) (-5120 -1024 32 ) (-5132 -1024 32 ) (-5132 -1024 -90 ) 
4 62 83 (-5132 -855 -90 ) (-5132 -1024 -90 ) (-5132 -1024 32 ) (-5132 -855 32 ) 
4 62 81 (-5132 -665 -90 ) (-5132 -855 -90 ) (-5132 -855 32 ) (-5132 -665 32 ) 
4 62 77 (-5132 -625 -90 ) (-5132 -665 -90 ) (-5132 -665 32 ) (-5132 -625 32 ) 
4 62 75 (-5132 -512 -90 ) (-5132 -625 -90 ) (-5132 -625 32 ) (-5132 -512 32 ) 
4 62 72 (-5132 -481 -90 ) (-5132 -512 -90 ) (-5132 -512 32 ) (-5132 -481 32 ) 
4 62 70 (-5132 -409 -90 ) (-5132 -481 -90 ) (-5132 -481 32 ) (-5132 -409 32 ) 
4 62 68 (-5132 -353 -90 ) (-5132 -409 -90 ) (-5132 -409 32 ) (-5132 -353 32 ) 
4 62 65 (-5132 -345 -90 ) (-5132 -353 -90 ) (-5132 -353 32 ) (-5132 -345 32 ) 
4 62 63 (-5132 -218 -90 ) (-5132 -345 -90 ) (-5132 -345 32 ) (-5132 -218 32 ) 
4 63 95 (-5140 -218 127 ) (-5140 -218 -90 ) (-5140 -345 -90 ) (-5140 -345 127 ) 
4 63 84 (-5140 -345 640 ) (-5140 -218 640 ) (-5140 -218 127 ) (-5140 -345 127 ) 
4 63 65 (-5140 -345 -90 ) (-5132 -345 -90 ) (-5132 -345 126 ) (-5140 -345 126 ) 
4 63 64 (-5132 -345 390 ) (-5132 -345 640 ) (-5140 -345 640 ) (-5140 -345 390 ) 
4 64 84 (-5140 -353 390 ) (-5140 -353 640 ) (-5140 -345 640 ) (-5140 -345 390 ) 
4 64 66 (-5140 -353 640 ) (-5140 -353 390 ) (-5132 -353 390 ) (-5132 -353 640 ) 
4 65 95 (-5140 -353 -90 ) (-5140 -353 126 ) (-5140 -345 126 ) (-5140 -345 -90 ) 
4 65 68 (-5140 -353 126 ) (-5140 -353 -90 ) (-5132 -353 -90 ) (-5132 -353 126 ) 
4 66 84 (-5140 -409 390 ) (-5140 -409 640 ) (-5140 -353 640 ) (-5140 -353 390 ) 
4 66 69 (-5140 -409 640 ) (-5140 -409 390 ) (-5132 -409 390 ) (-5132 -409 640 ) 
4 67 84 (-5140 -409 252 ) (-5140 -409 286 ) (-5140 -353 286 ) (-5140 -353 252 ) 
4 68 95 (-5140 -409 -90 ) (-5140 -409 126 ) (-5140 -353 126 ) (-5140 -353 -90 ) 
4 68 70 (-5140 -409 126 ) (-5140 -409 -90 ) (-5132 -409 -90 ) (-5132 -409 126 ) 
4 69 84 (-5140 -481 390 ) (-5140 -481 640 ) (-5140 -409 640 ) (-5140 -409 390 ) 
4 69 71 (-5140 -481 640 ) (-5140 -481 521 ) (-5132 -481 521 ) (-5132 -481 640 ) 
4 70 95 (-5140 -481 -90 ) (-5140 -481 126 ) (-5140 -409 126 ) (-5140 -409 -90 ) 
4 70 72 (-5140 -481 126 ) (-5140 -481 -90 ) (-5132 -481 -90 ) (-5132 -481 126 ) 
4 71 84 (-5140 -512 521 ) (-5140 -512 640 ) (-5140 -481 640 ) (-5140 -481 521 ) 
4 71 73 (-5140 -512 640 ) (-5140 -512 521 ) (-5132 -512 521 ) (-5132 -512 640 ) 
4 72 95 (-5140 -512 -90 ) (-5140 -512 126 ) (-5140 -481 126 ) (-5140 -481 -90 ) 
4 72 75 (-5140 -512 118 ) (-5140 -512 -90 ) (-5132 -512 -90 ) (-5132 -512 118 ) 
4 73 84 (-5140 -625 521 ) (-5140 -625 640 ) (-5140 -512 640 ) (-5140 -512 521 ) 
4 73 76 (-5140 -625 640 ) (-5140 -625 521 ) (-5132 -625 521 ) (-5132 -625 640 ) 
4 74 95 (-5140 -625 126 ) (-5140 -625 127 ) (-5140 -512 127 ) (-5140 -512 126 ) 
4 74 84 (-5140 -625 127 ) (-5140 -625 246 ) (-5140 -512 246 ) (-5140 -512 127 ) 
4 75 95 (-5140 -625 -90 ) (-5140 -625 118 ) (-5140 -512 118 ) (-5140 -512 -90 ) 
4 75 77 (-5140 -625 118 ) (-5140 -625 -90 ) (-5132 -625 -90 ) (-5132 -625 118 ) 
4 76 84 (-5140 -665 521 ) (-5140 -665 640 ) (-5140 -625 640 ) (-5140 -625 521 ) 
4 76 78 (-5140 -665 640 ) (-5140 -665 521 ) (-5132 -665 521 ) (-5132 -665 640 ) 
4 77 95 (-5140 -665 -90 ) (-5140 -665 126 ) (-5140 -625 126 ) (-5140 -625 -90 ) 
4 77 81 (-5140 -665 118 ) (-5140 -665 -90 ) (-5132 -665 -90 ) (-5132 -665 118 ) 
4 77 78 (-5140 -665 126 ) (-5140 -665 118 ) (-5132 -665 118 ) (-5132 -665 126 ) 
4 78 95 (-5140 -665 127 ) (-5140 -665 118 ) (-5140 -704 118 ) (-5140 -704 127 ) 
4 78 84 (-5140 -704 640 ) (-5140 -665 640 ) (-5140 -665 127 ) (-5140 -704 127 ) 
4 78 81 (-5140 -704 118 ) (-5140 -665 118 ) (-5132 -665 118 ) (-5132 -704 118 ) 
4 78 79 (-5132 -704 126 ) (-5132 -704 640 ) (-5140 -704 640 ) (-5140 -704 126 ) 
4 79 95 (-5140 -704 127 ) (-5140 -704 126 ) (-5140 -817 126 ) (-5140 -817 127 ) 
4 79 84 (-5140 -817 640 ) (-5140 -704 640 ) (-5140 -704 127 ) (-5140 -817 127 ) 
4 79 80 (-5132 -817 126 ) (-5132 -817 640 ) (-5140 -817 640 ) (-5140 -817 126 ) 
4 80 95 (-5140 -855 118 ) (-5140 -855 127 ) (-5140 -817 127 ) (-5140 -817 118 ) 
4 80 84 (-5140 -855 127 ) (-5140 -855 640 ) (-5140 -817 640 ) (-5140 -817 127 ) 
4 80 83 (-5140 -855 127 ) (-5140 -855 118 ) (-5132 -855 118 ) (-5132 -855 127 ) 
4 80 82 (-5140 -855 640 ) (-5140 -855 391 ) (-5132 -855 391 ) (-5132 -855 640 ) 
4 80 81 (-5132 -855 118 ) (-5140 -855 118 ) (-5140 -817 118 ) (-5132 -817 118 ) 
4 81 95 (-5140 -855 -90 ) (-5140 -855 118 ) (-5140 -665 118 ) (-5140 -665 -90 ) 
4 81 83 (-5140 -855 118 ) (-5140 -855 -90 ) (-5132 -855 -90 ) (-5132 -855 118 ) 
4 82 134 (-5132 -1024 391 ) (-5132 -1024 640 ) (-5140 -1024 640 ) (-5140 -1024 391 ) 
4 82 85 (-5140 -1024 391 ) (-5140 -1024 640 ) (-5140 -855 640 ) (-5140 -855 391 ) 
4 83 135 (-5132 -1024 -90 ) (-5132 -1024 127 ) (-5140 -1024 127 ) (-5140 -1024 -90 ) 
4 83 95 (-5140 -1024 -90 ) (-5140 -1024 127 ) (-5140 -855 127 ) (-5140 -855 -90 ) 
4 84 95 (-5140 -218 127 ) (-5140 -855 127 ) (-5141 -855 127 ) (-5141 -218 127 ) 
4 84 91 (-5141 -759 127 ) (-5141 -791.080017 127 ) (-5141 -791.080017 137 ) (-5141 -759 137 ) 
4 84 94 (-5141 -791.080017 127 ) (-5141 -855 127 ) (-5141 -855 137 ) (-5141 -791.080017 137 ) 
4 84 90 (-5141 -855 137 ) (-5141 -855 640 ) (-5141 -759 640 ) (-5141 -759 137 ) 
4 84 86 (-5141 -218 127 ) (-5141 -759 127 ) (-5141 -759 640 ) (-5141 -218 640 ) 
4 84 85 (-5141 -855 640 ) (-5141 -855 391 ) (-5140 -855 391 ) (-5140 -855 640 ) 
4 85 134 (-5140 -1024 391 ) (-5140 -1024 640 ) (-5141 -1024 640 ) (-5141 -1024 391 ) 
4 85 90 (-5141 -1024 391 ) (-5141 -1024 640 ) (-5141 -855 640 ) (-5141 -855 391 ) 
4 86 96 (-5269 -759 127 ) (-5397 -759 127 ) (-5397 -218 127 ) (-5269 -218 127 ) 
4 86 95 (-5141 -218 127 ) (-5141 -759 127 ) (-5269 -759 127 ) (-5269 -218 127 ) 
4 86 99 (-5397 -759 127 ) (-5421.430664 -759 127 ) (-5421.430664 -218 127 ) (-5397 -218 127 ) 
4 86 92 (-5421.430664 -759 127 ) (-5419.350586 -759 127 ) (-5419.350586 -759 137 ) (-5421.430664 -759 137 ) 
4 86 91 (-5419.350586 -759 127 ) (-5141 -759 127 ) (-5141 -759 137 ) (-5419.350586 -759 137 ) 
4 86 90 (-5141 -759 137 ) (-5141 -759 640 ) (-5421.430664 -759 640 ) (-5421.430664 -759 137 ) 
4 86 88 (-5421.430664 -759 235 ) (-5421.430664 -759 640 ) (-5421.430664 -755 640 ) (-5421.430664 -755 239 ) 
4 86 87 (-5421.430664 -218 640 ) (-5421.430664 -218 127 ) (-5421.430664 -755 127 ) (-5421.430664 -755 640 ) 
4 87 99 (-5429.430664 -755 127 ) (-5429.430664 -218 127 ) (-5421.430664 -218 127 ) (-5421.430664 -755 127 ) 
4 87 88 (-5429.430664 -755 640 ) (-5429.430664 -755 239 ) (-5421.430664 -755 239 ) (-5421.430664 -755 640 ) 
4 87 89 (-5429.430664 -218 640 ) (-5429.430664 -218 127 ) (-5429.430664 -755 127 ) (-5429.430664 -755 640 ) 
4 88 90 (-5421.430664 -759 235 ) (-5421.430664 -759 640 ) (-5429.430664 -759 640 ) (-5429.430664 -759 235 ) 
4 88 89 (-5429.430664 -759 235 ) (-5429.430664 -759 640 ) (-5429.430664 -755 640 ) (-5429.430664 -755 239 ) 
4 89 99 (-5429.430664 -759 127 ) (-5702 -759 127 ) (-5702 -218 127 ) (-5429.430664 -218 127 ) 
4 89 92 (-5431.350586 -759 127 ) (-5429.430664 -759 127 ) (-5429.430664 -759 137 ) (-5431.350586 -759 137 ) 
4 89 93 (-5702 -759 137 ) (-5702 -759 127 ) (-5431.350586 -759 127 ) (-5431.350586 -759 137 ) 
4 89 90 (-5702 -759 640 ) (-5702 -759 137 ) (-5429.430664 -759 137 ) (-5429.430664 -759 640 ) 
4 90 136 (-5141 -1024 640 ) (-5702 -1024 640 ) (-5702 -1024 137 ) (-5141 -1024 137 ) 
4 90 92 (-5431.350586 -759 137 ) (-5419.350586 -759 137 ) (-5419.350586 -779.080017 137 ) (-5431.350586 -779.080017 137 ) 
4 90 91 (-5419.350586 -759 137 ) (-5141 -759 137 ) (-5141 -791.080017 137 ) (-5419.350586 -791.080017 137 ) 
4 90 93 (-5702 -791.080017 137 ) (-5702 -759 137 ) (-5431.350586 -759 137 ) (-5431.350586 -791.080017 137 ) 
4 90 94 (-5702 -1024 137 ) (-5702 -791.080017 137 ) (-5141 -791.080017 137 ) (-5141 -1024 137 ) 
4 91 96 (-5269 -791.080017 127 ) (-5397 -791.080017 127 ) (-5397 -759 127 ) (-5269 -759 127 ) 
4 91 95 (-5141 -759 127 ) (-5141 -791.080017 127 ) (-5269 -791.080017 127 ) (-5269 -759 127 ) 
4 91 99 (-5397 -791.080017 127 ) (-5419.350586 -791.080017 127 ) (-5419.350586 -759 127 ) (-5397 -759 127 ) 
4 91 92 (-5419.350586 -779.080017 137 ) (-5419.350586 -759 137 ) (-5419.350586 -759 127 ) (-5419.350586 -779.080017 127 ) 
4 91 94 (-5141 -791.080017 127 ) (-5141 -791.080017 137 ) (-5419.350586 -791.080017 137 ) (-5419.350586 -791.080017 127 ) 
4 92 99 (-5431.350586 -779.080017 127 ) (-5431.350586 -759 127 ) (-5419.350586 -759 127 ) (-5419.350586 -779.080017 127 ) 
4 92 93 (-5431.350586 -779.080017 137 ) (-5431.350586 -759 137 ) (-5431.350586 -759 127 ) (-5431.350586 -779.080017 127 ) 
4 93 99 (-5431.350586 -791.080017 127 ) (-5702 -791.080017 127 ) (-5702 -759 127 ) (-5431.350586 -759 127 ) 
4 93 94 (-5431.350586 -791.080017 137 ) (-5702 -791.080017 137 ) (-5702 -791.080017 127 ) (-5431.350586 -791.080017 127 ) 
4 94 136 (-5702 -1024 137 ) (-5702 -1024 127 ) (-5141 -1024 127 ) (-5141 -1024 137 ) 
4 94 96 (-5269 -1024 127 ) (-5397 -1024 127 ) (-5397 -791.080017 127 ) (-5269 -791.080017 127 ) 
4 94 95 (-5141 -791.080017 127 ) (-5141 -1024 127 ) (-5269 -1024 127 ) (-5269 -791.080017 127 ) 
4 94 99 (-5397 -1024 127 ) (-5702 -1024 127 ) (-5702 -791.080017 127 ) (-5397 -791.080017 127 ) 
4 95 136 (-5141 -1024 127 ) (-5269 -1024 127 ) (-5269 -1024 -90 ) (-5141 -1024 -90 ) 
4 95 135 (-5140 -1024 -90 ) (-5140 -1024 127 ) (-5141 -1024 127 ) (-5141 -1024 -90 ) 
4 95 97 (-5269 -218 126 ) (-5269 -218 116 ) (-5269 -768 116 ) (-5269 -768 126 ) 
4 95 96 (-5269 -218 127 ) (-5269 -218 126 ) (-5269 -1024 126 ) (-5269 -1024 127 ) 
4 95 98 (-5269 -218 116 ) (-5269 -218 -90 ) (-5269 -1024 -90 ) (-5269 -1024 116 ) 
4 96 136 (-5269 -1024 127 ) (-5397 -1024 127 ) (-5397 -1024 126 ) (-5269 -1024 126 ) 
4 96 97 (-5397 -768 126 ) (-5397 -218 126 ) (-5269 -218 126 ) (-5269 -768 126 ) 
4 96 99 (-5397 -218 127 ) (-5397 -218 126 ) (-5397 -1024 126 ) (-5397 -1024 127 ) 
4 97 99 (-5397 -218 126 ) (-5397 -218 116 ) (-5397 -768 116 ) (-5397 -768 126 ) 
4 97 98 (-5397 -768 116 ) (-5397 -218 116 ) (-5269 -218 116 ) (-5269 -768 116 ) 
4 98 136 (-5397 -1024 116 ) (-5397 -1024 -90 ) (-5269 -1024 -90 ) (-5269 -1024 116 ) 
4 98 99 (-5397 -218 116 ) (-5397 -218 -90 ) (-5397 -1024 -90 ) (-5397 -1024 116 ) 
4 99 136 (-5397 -1024 127 ) (-5702 -1024 127 ) (-5702 -1024 -90 ) (-5397 -1024 -90 ) 
5 100 115 (-4142.500000 -1129 390 ) (-4102 -1129 430.500000 ) (-4102 -1129 640 ) (-4637 -1129 640 ) (-4637 -1129 390 ) 
4 100 114 (-4102 -1129 430.500000 ) (-4096 -1129 436.499969 ) (-4096 -1129 640 ) (-4102 -1129 640 ) 
4 100 113 (-4637 -1129 390 ) (-4637 -1129 640 ) (-4637 -1088 640 ) (-4637 -1088 390 ) 
4 100 112 (-4637 -1024 264 ) (-4637 -1024 166.692001 ) (-4637 -1088 166.692001 ) (-4637 -1088 264 ) 
4 100 111 (-4637 -1024 640 ) (-4637 -1024 390 ) (-4637 -1088 390 ) (-4637 -1088 640 ) 
4 100 107 (-4360.496094 -1120.500000 172 ) (-4102 -1120.500000 430.496094 ) (-4102 -1128.500000 430.496094 ) (-4360.496094 -1128.500000 172 ) 
4 100 109 (-4365.804199 -1128.500000 166.692001 ) (-4365.804199 -1120.500000 166.692001 ) (-4361.496094 -1120.500000 171 ) (-4361.496094 -1128.500000 171 ) 
4 100 106 (-4365.804199 -1120.500000 166.692001 ) (-4365.804199 -1024 166.692001 ) (-4102 -1024 430.496094 ) (-4102 -1120.500000 430.496094 ) 
4 100 110 (-4102 -1129 430.496094 ) (-4365.804199 -1129 166.692001 ) (-4365.804199 -1128.500000 166.692001 ) (-4102 -1128.500000 430.496094 ) 
4 100 105 (-4096 -1129 436.496094 ) (-4102 -1129 430.496094 ) (-4102 -1024 430.496094 ) (-4096 -1024 436.496094 ) 
4 100 103 (-4568.390137 -1121.590088 166.692001 ) (-4365.810547 -1121.590088 166.692001 ) (-4365.810547 -1129 166.692001 ) (-4568.390137 -1129 166.692001 ) 
4 100 102 (-4637 -1129 166.692001 ) (-4637 -1121.590088 166.692001 ) (-4587.080078 -1121.590088 166.692001 ) (-4587.080078 -1129 166.692001 ) 
4 100 101 (-4637 -1121.590088 166.692001 ) (-4637 -1024 166.692001 ) (-4365.810547 -1024 166.692001 ) (-4365.810547 -1121.590088 166.692001 ) 
4 101 112 (-4637 -1024 166.692001 ) (-4637 -1024 165.808014 ) (-4637 -1088 165.808014 ) (-4637 -1088 166.692001 ) 
4 101 109 (-4366.687988 -1121.590088 165.808014 ) (-4366.687988 -1120.500000 165.808014 ) (-4365.804199 -1120.500000 166.692001 ) (-4365.804199 -1121.590088 166.692001 ) 
4 101 106 (-4366.687988 -1120.500000 165.808014 ) (-4366.687988 -1024 165.808014 ) (-4365.804199 -1024 166.692001 ) (-4365.804199 -1120.500000 166.692001 ) 
4 101 103 (-4567.609863 -1121.590088 165.808014 ) (-4366.695312 -1121.590088 165.808014 ) (-4365.812500 -1121.590088 166.692001 ) (-4568.390137 -1121.590088 166.692001 ) 
4 101 102 (-4637 -1121.590088 165.808014 ) (-4587.859863 -1121.590088 165.808014 ) (-4587.080078 -1121.590088 166.692001 ) (-4637 -1121.590088 166.692001 ) 
4 101 104 (-4637 -1121.590088 165.808014 ) (-4637 -1024 165.808014 ) (-4366.695312 -1024 165.808014 ) (-4366.695312 -1121.590088 165.808014 ) 
4 102 104 (-4637 -1129 165.808014 ) (-4637 -1121.590088 165.808014 ) (-4587.859863 -1121.590088 165.808014 ) (-4587.859863 -1129 165.808014 ) 
4 103 109 (-4366.687988 -1128.500000 165.808014 ) (-4366.687988 -1121.590088 165.808014 ) (-4365.804199 -1121.590088 166.692001 ) (-4365.804199 -1128.500000 166.692001 ) 
4 103 110 (-4365.804199 -1129 166.692001 ) (-4366.687988 -1129 165.808014 ) (-4366.687988 -1128.500000 165.808014 ) (-4365.804199 -1128.500000 166.692001 ) 
4 103 104 (-4567.609863 -1121.590088 165.808014 ) (-4366.695312 -1121.590088 165.808014 ) (-4366.695312 -1129 165.808014 ) (-4567.609863 -1129 165.808014 ) 
4 104 112 (-4637 -1024 165.808014 ) (-4637 -1024 126 ) (-4637 -1088 126 ) (-4637 -1088 165.808014 ) 
4 104 109 (-4406.496094 -1128.500000 126 ) (-4406.496094 -1120.500000 126 ) (-4366.687988 -1120.500000 165.808014 ) (-4366.687988 -1128.500000 165.808014 ) 
4 104 106 (-4406.496094 -1120.500000 126 ) (-4406.496094 -1024 126 ) (-4366.687988 -1024 165.808014 ) (-4366.687988 -1120.500000 165.808014 ) 
4 104 110 (-4366.687988 -1129 165.808014 ) (-4406.496094 -1129 126 ) (-4406.496094 -1128.500000 126 ) (-4366.687988 -1128.500000 165.808014 ) 
4 105 114 (-4096 -1129 390 ) (-4096 -1129 436.499969 ) (-4102 -1129 430.499969 ) (-4102 -1129 390 ) 
4 105 107 (-4102 -1128.500000 430.500000 ) (-4102 -1120.500000 430.500000 ) (-4102 -1120.500000 390 ) (-4102 -1128.500000 390 ) 
4 105 106 (-4102 -1120.500000 430.500000 ) (-4102 -1024 430.500000 ) (-4102 -1024 390 ) (-4102 -1120.500000 390 ) 
4 105 110 (-4102 -1129 390 ) (-4102 -1129 430.500000 ) (-4102 -1128.500000 430.500000 ) (-4102 -1128.500000 390 ) 
4 106 108 (-4102 -1120.500000 171 ) (-4102 -1120.500000 172 ) (-4336.500000 -1120.500000 172 ) (-4335.500000 -1120.500000 171 ) 
3 106 107 (-4102 -1120.500000 172 ) (-4102 -1120.500000 430.500000 ) (-4360.500000 -1120.500000 172 ) 
4 106 109 (-4102 -1120.500000 126 ) (-4102 -1120.500000 171 ) (-4361.500000 -1120.500000 171 ) (-4406.500000 -1120.500000 126 ) 
4 107 108 (-4102 -1128.500000 172 ) (-4336.500000 -1128.500000 172 ) (-4336.500000 -1120.500000 172 ) (-4102 -1120.500000 172 ) 
3 107 110 (-4102 -1128.500000 172 ) (-4102 -1128.500000 430.500000 ) (-4360.500000 -1128.500000 172 ) 
4 108 110 (-4102 -1128.500000 171 ) (-4102 -1128.500000 172 ) (-4336.500000 -1128.500000 172 ) (-4335.500000 -1128.500000 171 ) 
4 108 109 (-4102 -1128.500000 171 ) (-4335.500000 -1128.500000 171 ) (-4335.500000 -1120.500000 171 ) (-4102 -1120.500000 171 ) 
4 109 110 (-4102 -1128.500000 126 ) (-4102 -1128.500000 171 ) (-4361.500000 -1128.500000 171 ) (-4406.500000 -1128.500000 126 ) 
3 110 115 (-4102 -1129 390 ) (-4102 -1129 430.499969 ) (-4142.500000 -1129 390 ) 
4 111 117 (-4645 -1024 640 ) (-4645 -1024 390 ) (-4645 -1088 390 ) (-4645 -1088 640 ) 
4 111 113 (-4645 -1088 640 ) (-4645 -1088 390 ) (-4637 -1088 390 ) (-4637 -1088 640 ) 
4 112 117 (-4645 -1024 264 ) (-4645 -1024 126 ) (-4645 -1088 126 ) (-4645 -1088 264 ) 
4 113 117 (-4645 -1129 390 ) (-4645 -1129 640 ) (-4645 -1088 640 ) (-4645 -1088 390 ) 
4 113 115 (-4645 -1129 640 ) (-4645 -1129 390 ) (-4637 -1129 390 ) (-4637 -1129 640 ) 
4 114 127 (-4102 -1129 126 ) (-4096 -1129 126 ) (-4096 -1137 126 ) (-4102 -1137 126 ) 
4 114 116 (-4102 -1137 126 ) (-4096 -1137 126 ) (-4096 -1137 640 ) (-4102 -1137 640 ) 
4 114 115 (-4102 -1129 640 ) (-4102 -1129 390 ) (-4102 -1137 390 ) (-4102 -1137 640 ) 
4 115 118 (-4645 -1137 390 ) (-4645 -1137 640 ) (-4645 -1129 640 ) (-4645 -1129 390 ) 
4 115 116 (-4645 -1137 640 ) (-4645 -1137 390 ) (-4102 -1137 390 ) (-4102 -1137 640 ) 
4 116 127 (-4645 -1160 126 ) (-4645 -1137 126 ) (-4096 -1137 126 ) (-4096 -1160 126 ) 
4 116 119 (-4645 -1137 126 ) (-4645 -1160 126 ) (-4645 -1160 640 ) (-4645 -1137 640 ) 
4 117 121 (-4867 -1129 390 ) (-4867 -1129 640 ) (-4867 -1024 640 ) (-4867 -1024 390 ) 
4 117 118 (-4645 -1129 390 ) (-4645 -1129 640 ) (-4867 -1129 640 ) (-4867 -1129 390 ) 
4 118 121 (-4867 -1137 390 ) (-4867 -1137 640 ) (-4867 -1129 640 ) (-4867 -1129 390 ) 
4 118 120 (-4853 -1137 640 ) (-4867 -1137 640 ) (-4867 -1137 390 ) (-4853 -1137 390 ) 
4 118 119 (-4645 -1137 390 ) (-4645 -1137 640 ) (-4853 -1137 640 ) (-4853 -1137 390 ) 
4 119 127 (-4853 -1160 126 ) (-4853 -1137 126 ) (-4645 -1137 126 ) (-4645 -1160 126 ) 
4 119 120 (-4853 -1137 640 ) (-4853 -1137 126 ) (-4853 -1160 126 ) (-4853 -1160 640 ) 
4 120 128 (-4867 -1191 126 ) (-4867 -1137 126 ) (-4853 -1137 126 ) (-4853 -1191 126 ) 
4 120 121 (-4867 -1191 390 ) (-4867 -1191 640 ) (-4867 -1137 640 ) (-4867 -1137 390 ) 
4 121 122 (-4876 -1191 390 ) (-4876 -1191 640 ) (-4876 -1024 640 ) (-4876 -1024 390 ) 
4 122 123 (-4966 -1024 126 ) (-4966 -1160 126 ) (-4966 -1160 640 ) (-4966 -1024 640 ) 
4 123 132 (-5120 -1024 640 ) (-5120 -1024 126 ) (-5120 -1160 126 ) (-5120 -1160 640 ) 
4 124 131 (-4102 -1024 0 ) (-4096 -1024 0 ) (-4096 -1129 0 ) (-4102 -1129 0 ) 
4 124 127 (-4102 -1129 0 ) (-4096 -1129 0 ) (-4096 -1129 126 ) (-4102 -1129 126 ) 
4 124 125 (-4102 -1024 0 ) (-4102 -1129 0 ) (-4102 -1129 116 ) (-4102 -1024 116 ) 
4 125 131 (-4876 -1024 0 ) (-4102 -1024 0 ) (-4102 -1129 0 ) (-4876 -1129 0 ) 
4 125 128 (-4876 -1129 0 ) (-4853 -1129 0 ) (-4853 -1129 116 ) (-4876 -1129 116 ) 
4 125 127 (-4853 -1129 0 ) (-4102 -1129 0 ) (-4102 -1129 116 ) (-4853 -1129 116 ) 
4 125 126 (-4876 -1024 0 ) (-4876 -1129 0 ) (-4876 -1129 32 ) (-4876 -1024 32 ) 
4 126 133 (-5120 -1024 32 ) (-5120 -1024 0 ) (-5120 -1129 0 ) (-5120 -1129 32 ) 
4 126 131 (-5120 -1129 0 ) (-5120 -1024 0 ) (-4876 -1024 0 ) (-4876 -1129 0 ) 
4 126 130 (-5120 -1129 0 ) (-4966 -1129 0 ) (-4966 -1129 32 ) (-5120 -1129 32 ) 
4 126 129 (-4966 -1129 0 ) (-4876 -1129 0 ) (-4876 -1129 32 ) (-4966 -1129 32 ) 
4 127 131 (-4853 -1129 0 ) (-4096 -1129 0 ) (-4096 -1160 0 ) (-4853 -1160 0 ) 
4 127 128 (-4853 -1129 126 ) (-4853 -1129 0 ) (-4853 -1160 0 ) (-4853 -1160 126 ) 
4 128 131 (-4876 -1129 0 ) (-4853 -1129 0 ) (-4853 -1160 0 ) (-4876 -1160 0 ) 
4 128 129 (-4876 -1129 32 ) (-4876 -1129 0 ) (-4876 -1191 0 ) (-4876 -1191 32 ) 
4 129 131 (-4966 -1129 0 ) (-4876 -1129 0 ) (-4876 -1160 0 ) (-4966 -1160 0 ) 
4 129 130 (-4966 -1129 32 ) (-4966 -1129 0 ) (-4966 -1160 0 ) (-4966 -1160 32 ) 
4 130 133 (-5120 -1129 0 ) (-5120 -1160 0 ) (-5120 -1160 32 ) (-5120 -1129 32 ) 
4 130 131 (-5120 -1160 0 ) (-5120 -1129 0 ) (-4966 -1129 0 ) (-4966 -1160 0 ) 
4 131 133 (-5120 -1024 0 ) (-5120 -1024 -90 ) (-5120 -1160 -90 ) (-5120 -1160 0 ) 
4 132 135 (-5132 -1024 127 ) (-5132 -1024 126 ) (-5132 -1160 126 ) (-5132 -1160 127 ) 
4 132 134 (-5132 -1024 640 ) (-5132 -1024 391 ) (-5132 -1160 391 ) (-5132 -1160 640 ) 
4 133 135 (-5132 -1024 32 ) (-5132 -1024 -90 ) (-5132 -1160 -90 ) (-5132 -1160 32 ) 
4 134 136 (-5141 -1024 640 ) (-5141 -1024 391 ) (-5141 -1160 391 ) (-5141 -1160 640 ) 
4 135 136 (-5141 -1024 127 ) (-5141 -1024 -90 ) (-5141 -1160 -90 ) (-5141 -1160 127 ) 
