PRT1
103
303
4 0 37 (480 0 258 ) (0 0 258 ) (0 0 65 ) (480 0 65 ) 
4 0 26 (0 0 65 ) (0 0 258 ) (0 128 258 ) (0 128 65 ) 
4 0 16 (0 128 258 ) (0 277 258 ) (0 277 65 ) (0 128 65 ) 
4 0 11 (0 277 258 ) (0 309 258 ) (0 309 65 ) (0 277 65 ) 
4 0 10 (0 309 258 ) (0 313 258 ) (0 313 65 ) (0 309 65 ) 
4 0 7 (85 128 65 ) (213 128 65 ) (213 0 65 ) (85 0 65 ) 
4 0 6 (362 128 65 ) (480 128 65 ) (480 0 65 ) (362 0 65 ) 
4 0 5 (213 149 65 ) (480 149 65 ) (480 128 65 ) (213 128 65 ) 
4 0 4 (234 277 65 ) (480 277 65 ) (480 149 65 ) (234 149 65 ) 
4 0 3 (64 309 65 ) (85 309 65 ) (85 277 65 ) (64 277 65 ) 
4 0 2 (213 309 65 ) (480 309 65 ) (480 277 65 ) (213 277 65 ) 
4 0 1 (0 309 65 ) (0 313 65 ) (480 313 65 ) (480 309 65 ) 
4 1 10 (0 309 65 ) (0 313 65 ) (0 313 0 ) (0 309 0 ) 
4 1 9 (0 309 0 ) (0 313 0 ) (480 313 0 ) (480 309 0 ) 
4 1 3 (64 309 0 ) (85 309 0 ) (85 309 65 ) (64 309 65 ) 
4 1 2 (213 309 0 ) (480 309 0 ) (480 309 65 ) (213 309 65 ) 
4 2 9 (213 309 0 ) (480 309 0 ) (480 277 0 ) (213 277 0 ) 
4 2 4 (234 277 0 ) (480 277 0 ) (480 277 65 ) (234 277 65 ) 
4 3 9 (64 309 0 ) (85 309 0 ) (85 277 0 ) (64 277 0 ) 
4 4 9 (234 277 0 ) (480 277 0 ) (480 149 0 ) (234 149 0 ) 
4 4 5 (234 149 0 ) (480 149 0 ) (480 149 65 ) (234 149 65 ) 
4 5 9 (213 149 0 ) (480 149 0 ) (480 128 0 ) (213 128 0 ) 
4 5 6 (362 128 0 ) (480 128 0 ) (480 128 65 ) (362 128 65 ) 
4 6 64 (480 0 65 ) (362 0 65 ) (362 0 0 ) (480 0 0 ) 
4 6 9 (480 0 0 ) (362 0 0 ) (362 128 0 ) (480 128 0 ) 
4 7 8 (85 0 31 ) (85 128 31 ) (213 128 31 ) (213 0 31 ) 
4 9 67 (480 0 0 ) (0 0 0 ) (0 0 -33 ) (480 0 -33 ) 
4 9 34 (0 0 -33 ) (0 0 0 ) (0 128 0 ) (0 128 -33 ) 
4 9 25 (0 128 0 ) (0 313 0 ) (0 313 -33 ) (0 128 -33 ) 
4 10 25 (0 313 0 ) (0 309 0 ) (-146 309 0 ) (-146 313 0 ) 
4 10 13 (-65 309 192 ) (-65 309 258 ) (-73 309 258 ) (-73 309 192 ) 
4 10 14 (-73 309 0 ) (-65 309 0 ) (-65 309 64 ) (-73 309 64 ) 
4 10 12 (-65 309 0 ) (-64 309 0 ) (-64 309 258 ) (-65 309 258 ) 
4 10 15 (-146 309 258 ) (-146 309 0 ) (-73 309 0 ) (-73 309 258 ) 
4 10 11 (0 309 65 ) (0 309 258 ) (-64 309 258 ) (-64 309 65 ) 
4 11 16 (0 277 65 ) (0 277 258 ) (-64 277 258 ) (-64 277 65 ) 
4 11 12 (-64 309 258 ) (-64 309 65 ) (-64 277 65 ) (-64 277 258 ) 
4 12 25 (-64 277 0 ) (-65 277 0 ) (-65 309 0 ) (-64 309 0 ) 
4 12 23 (-65 277 0 ) (-64 277 0 ) (-64 277 64 ) (-65 277 64 ) 
4 12 17 (-64 277 64 ) (-64 277 258 ) (-65 277 258 ) (-65 277 64 ) 
4 12 13 (-65 309 258 ) (-65 309 192 ) (-65 277 192 ) (-65 277 258 ) 
4 12 14 (-65 309 64 ) (-65 309 0 ) (-65 277 0 ) (-65 277 64 ) 
4 13 20 (-68 277 258 ) (-73 277 258 ) (-73 277 192 ) (-68 277 192 ) 
4 13 19 (-66 277 258 ) (-68 277 258 ) (-68 277 192 ) (-66 277 192 ) 
4 13 18 (-65 277 192 ) (-65 277 258 ) (-66 277 258 ) (-66 277 192 ) 
4 13 15 (-73 309 258 ) (-73 309 192 ) (-73 277 192 ) (-73 277 258 ) 
4 14 25 (-65 277 0 ) (-73 277 0 ) (-73 309 0 ) (-65 309 0 ) 
4 14 23 (-68 277 0 ) (-65 277 0 ) (-65 277 64 ) (-68 277 64 ) 
4 14 15 (-73 309 64 ) (-73 309 0 ) (-73 277 0 ) (-73 277 64 ) 
4 15 25 (-73 277 0 ) (-146 277 0 ) (-146 309 0 ) (-73 309 0 ) 
4 15 24 (-146 277 0 ) (-102 277 0 ) (-102 277 64 ) (-146 277 64 ) 
4 15 20 (-73 277 64 ) (-73 277 258 ) (-146 277 258 ) (-146 277 64 ) 
4 16 26 (0 128 65 ) (0 128 258 ) (-64 128 258 ) (-64 128 65 ) 
4 16 17 (-64 128 258 ) (-64 277 258 ) (-64 277 65 ) (-64 128 65 ) 
4 17 27 (-64 128 258 ) (-65 128 258 ) (-65 128 64 ) (-64 128 64 ) 
4 17 23 (-65 277 64 ) (-64 277 64 ) (-64 128 64 ) (-65 128 64 ) 
4 17 21 (-65 128 192 ) (-65 128 258 ) (-65 148 258 ) (-65 148 192 ) 
4 17 18 (-65 277 64 ) (-65 148 64 ) (-65 148 258 ) (-65 277 258 ) 
4 18 23 (-66 277 64 ) (-65 277 64 ) (-65 148 64 ) (-66 148 64 ) 
4 18 21 (-65 148 192 ) (-65 148 258 ) (-66 148 258 ) (-66 148 192 ) 
4 18 19 (-66 148 104 ) (-66 148 258 ) (-66 277 258 ) (-66 277 104 ) 
4 19 21 (-66 148 192 ) (-66 148 258 ) (-68 148 258 ) (-68 148 192 ) 
4 19 20 (-68 148 104 ) (-68 148 258 ) (-68 277 258 ) (-68 277 104 ) 
4 20 24 (-146 277 64 ) (-102 277 64 ) (-102 148 64 ) (-146 148 64 ) 
4 20 22 (-146 148 64 ) (-73 148 64 ) (-73 148 258 ) (-146 148 258 ) 
4 20 21 (-68 148 192 ) (-68 148 258 ) (-73 148 258 ) (-73 148 192 ) 
4 21 29 (-68 128 258 ) (-73 128 258 ) (-73 128 192 ) (-68 128 192 ) 
4 21 28 (-66 128 258 ) (-68 128 258 ) (-68 128 192 ) (-66 128 192 ) 
4 21 27 (-65 128 258 ) (-66 128 258 ) (-66 128 192 ) (-65 128 192 ) 
4 21 22 (-73 148 258 ) (-73 148 192 ) (-73 128 192 ) (-73 128 258 ) 
4 22 32 (-99 128 258 ) (-107 128 258 ) (-107 128 192 ) (-99 128 192 ) 
4 22 33 (-107 128 258 ) (-146 128 258 ) (-146 128 64 ) (-107 128 64 ) 
4 22 31 (-99 128 192 ) (-99 128 64 ) (-98 128 64 ) (-98 128 192 ) 
4 22 30 (-98 128 64 ) (-73 128 64 ) (-73 128 192 ) (-98 128 192 ) 
4 22 29 (-73 128 258 ) (-99 128 258 ) (-99 128 192 ) (-73 128 192 ) 
4 22 24 (-102 128 64 ) (-146 128 64 ) (-146 148 64 ) (-102 148 64 ) 
4 23 25 (-64 128 0 ) (-68 128 0 ) (-68 277 0 ) (-64 277 0 ) 
4 24 36 (-146 128 0 ) (-102 128 0 ) (-102 128 64 ) (-146 128 64 ) 
4 24 25 (-102 128 0 ) (-146 128 0 ) (-146 277 0 ) (-102 277 0 ) 
4 25 36 (-98 128 0 ) (-146 128 0 ) (-146 128 -33 ) (-98 128 -33 ) 
4 25 35 (-64 128 0 ) (-98 128 0 ) (-98 128 -33 ) (-64 128 -33 ) 
4 25 34 (0 128 -33 ) (0 128 0 ) (-64 128 0 ) (-64 128 -33 ) 
4 26 69 (0 0 65 ) (0 0 192 ) (-64 0 192 ) (-64 0 65 ) 
4 26 68 (0 0 192 ) (0 0 258 ) (-64 0 258 ) (-64 0 192 ) 
4 26 27 (-64 0 65 ) (-64 0 258 ) (-64 128 258 ) (-64 128 65 ) 
4 27 70 (-66 0 192 ) (-66 0 64 ) (-64 0 64 ) (-64 0 192 ) 
4 27 68 (-64 0 258 ) (-66 0 258 ) (-66 0 192 ) (-64 0 192 ) 
4 27 28 (-66 0 104 ) (-66 0 258 ) (-66 128 258 ) (-66 128 104 ) 
4 28 71 (-68 0 192 ) (-68 0 104 ) (-66 0 104 ) (-66 0 192 ) 
4 28 68 (-66 0 258 ) (-68 0 258 ) (-68 0 192 ) (-66 0 192 ) 
4 28 30 (-68 0 104 ) (-68 0 192 ) (-68 128 192 ) (-68 128 104 ) 
4 28 29 (-68 0 192 ) (-68 0 258 ) (-68 128 258 ) (-68 128 192 ) 
4 29 68 (-68 0 258 ) (-99 0 258 ) (-99 0 192 ) (-68 0 192 ) 
4 29 32 (-99 0 192 ) (-99 0 258 ) (-99 128 258 ) (-99 128 192 ) 
4 29 31 (-99 0 192 ) (-99 128 192 ) (-98 128 192 ) (-98 0 192 ) 
4 29 30 (-98 128 192 ) (-68 128 192 ) (-68 0 192 ) (-98 0 192 ) 
4 30 72 (-98 0 64 ) (-68 0 64 ) (-68 0 192 ) (-98 0 192 ) 
4 30 31 (-98 128 64 ) (-98 0 64 ) (-98 0 192 ) (-98 128 192 ) 
4 31 73 (-99 0 192 ) (-99 0 64 ) (-98 0 64 ) (-98 0 192 ) 
4 31 36 (-99 128 64 ) (-98 128 64 ) (-98 0 64 ) (-99 0 64 ) 
4 32 68 (-99 0 258 ) (-107 0 258 ) (-107 0 192 ) (-99 0 192 ) 
4 32 33 (-107 0 192 ) (-107 0 258 ) (-107 128 258 ) (-107 128 192 ) 
4 33 78 (-146 0 192 ) (-146 0 64 ) (-107 0 64 ) (-107 0 192 ) 
4 33 68 (-107 0 258 ) (-146 0 258 ) (-146 0 192 ) (-107 0 192 ) 
4 33 36 (-146 128 64 ) (-107 128 64 ) (-107 0 64 ) (-146 0 64 ) 
4 34 98 (0 0 -33 ) (0 0 0 ) (-64 0 0 ) (-64 0 -33 ) 
4 34 35 (-64 128 -33 ) (-64 0 -33 ) (-64 0 0 ) (-64 128 0 ) 
4 35 101 (-98 0 0 ) (-98 0 -33 ) (-64 0 -33 ) (-64 0 0 ) 
4 35 36 (-98 128 -33 ) (-98 0 -33 ) (-98 0 0 ) (-98 128 0 ) 
4 36 102 (-98 0 64 ) (-146 0 64 ) (-146 0 -33 ) (-98 0 -33 ) 
4 37 74 (0 -1 65 ) (0 -19 65 ) (0 -19 192 ) (0 -1 192 ) 
4 37 69 (0 0 192 ) (0 0 65 ) (0 -1 65 ) (0 -1 192 ) 
4 37 68 (0 0 258 ) (0 0 192 ) (0 -19 192 ) (0 -19 258 ) 
4 37 64 (341 0 65 ) (480 0 65 ) (480 -19 65 ) (341 -19 65 ) 
4 37 58 (72 -19 104 ) (72 -19 192 ) (70 -19 192 ) (70 -19 104 ) 
4 37 57 (72 -19 65 ) (73 -19 65 ) (73 -19 192 ) (72 -19 192 ) 
4 37 59 (0 -19 192 ) (0 -19 65 ) (70 -19 65 ) (70 -19 192 ) 
4 37 54 (73 -19 65 ) (74 -19 65 ) (74 -19 192 ) (73 -19 192 ) 
4 37 53 (0 -19 258 ) (0 -19 192 ) (74 -19 192 ) (74 -19 258 ) 
4 37 48 (76 -19 128 ) (76 -19 136 ) (74 -19 136 ) (74 -19 128 ) 
4 37 47 (76 -19 145 ) (76 -19 154 ) (74 -19 154 ) (74 -19 145 ) 
4 37 46 (76 -19 192 ) (76 -19 258 ) (74 -19 258 ) (74 -19 192 ) 
4 37 43 (76 -19 65 ) (77 -19 65 ) (77 -19 192 ) (76 -19 192 ) 
4 37 42 (77 -19 192 ) (77 -19 258 ) (76 -19 258 ) (76 -19 192 ) 
4 37 39 (80 -19 104 ) (80 -19 258 ) (78 -19 258 ) (78 -19 104 ) 
4 37 38 (80 -19 65 ) (480 -19 65 ) (480 -19 258 ) (80 -19 258 ) 
4 37 41 (77 -19 65 ) (78 -19 65 ) (78 -19 258 ) (77 -19 258 ) 
4 38 66 (480 -298 65 ) (480 -357 65 ) (80 -357 65 ) (80 -298 65 ) 
4 38 65 (480 -21 65 ) (480 -298 65 ) (362 -298 65 ) (362 -21 65 ) 
4 38 64 (341 -19 65 ) (480 -19 65 ) (480 -21 65 ) (341 -21 65 ) 
4 38 39 (80 -152 258 ) (80 -19 258 ) (80 -19 104 ) (80 -152 104 ) 
4 38 40 (80 -357 65 ) (80 -357 258 ) (80 -152 258 ) (80 -152 65 ) 
4 39 40 (78 -152 258 ) (78 -152 104 ) (80 -152 104 ) (80 -152 258 ) 
4 39 41 (78 -152 258 ) (78 -19 258 ) (78 -19 104 ) (78 -152 104 ) 
4 40 66 (80 -298 65 ) (80 -357 65 ) (78 -357 65 ) (78 -298 65 ) 
4 40 41 (78 -357 65 ) (78 -357 258 ) (78 -152 258 ) (78 -152 65 ) 
4 41 66 (78 -298 65 ) (78 -357 65 ) (77 -357 65 ) (77 -298 65 ) 
4 41 44 (77 -52.761501 65 ) (77 -115.168999 65 ) (77 -115.168999 192 ) (77 -52.761501 192 ) 
4 41 45 (77 -119.262009 65 ) (77 -357 65 ) (77 -357 192 ) (77 -119.262009 192 ) 
4 41 43 (77 -19 192 ) (77 -19 65 ) (77 -46.623100 65 ) (77 -46.623100 192 ) 
4 41 42 (77 -357 258 ) (77 -19 258 ) (77 -19 192 ) (77 -357 192 ) 
4 42 63 (76 -152 192 ) (76 -357 192 ) (76 -357 258 ) (76 -152 258 ) 
4 42 60 (76 -150.977020 192 ) (76 -152 192 ) (76 -152 258 ) (76 -150.977020 258 ) 
4 42 46 (76 -19 258 ) (76 -19 192 ) (76 -150.977020 192 ) (76 -150.977020 258 ) 
4 42 44 (76 -115.168999 192 ) (76 -52.761501 192 ) (77 -52.761501 192 ) (77 -115.168999 192 ) 
4 42 45 (77 -357 192 ) (76 -357 192 ) (76 -119.262009 192 ) (77 -119.262009 192 ) 
4 42 43 (76 -46.623100 192 ) (76 -19 192 ) (77 -19 192 ) (77 -46.623100 192 ) 
4 43 48 (76 -19 136 ) (76 -19 128 ) (76 -46.623100 128 ) (76 -46.623100 136 ) 
4 43 47 (76 -19 154 ) (76 -19 145 ) (76 -46.623100 145 ) (76 -46.623100 154 ) 
4 44 51 (76 -115.168999 128 ) (76 -115.168999 136 ) (76 -52.761501 136 ) (76 -52.761501 128 ) 
4 44 49 (76 -115.168999 145 ) (76 -115.168999 154 ) (76 -52.761501 154 ) (76 -52.761501 145 ) 
4 45 66 (77 -298 65 ) (77 -357 65 ) (76 -357 65 ) (76 -298 65 ) 
4 45 63 (76 -152 65 ) (76 -357 65 ) (76 -357 192 ) (76 -152 192 ) 
4 45 60 (76 -150.977020 65 ) (76 -152 65 ) (76 -152 192 ) (76 -150.977020 192 ) 
4 45 52 (76 -150.977020 128 ) (76 -150.977020 136 ) (76 -119.262009 136 ) (76 -119.262009 128 ) 
4 45 50 (76 -150.977020 145 ) (76 -150.977020 154 ) (76 -119.262009 154 ) (76 -119.262009 145 ) 
4 46 60 (76 -150.977020 192 ) (76 -150.977020 258 ) (74 -150.977020 258 ) (74 -150.977020 192 ) 
4 46 53 (74 -19 258 ) (74 -19 192 ) (74 -150.977020 192 ) (74 -150.977020 258 ) 
4 47 54 (74 -19 154 ) (74 -19 145 ) (74 -46.623100 145 ) (74 -46.623100 154 ) 
4 48 54 (74 -19 136 ) (74 -19 128 ) (74 -46.623100 128 ) (74 -46.623100 136 ) 
4 49 55 (74 -52.761501 154 ) (74 -52.761501 145 ) (74 -115.168999 145 ) (74 -115.168999 154 ) 
4 50 60 (76 -150.977020 145 ) (76 -150.977020 154 ) (74 -150.977020 154 ) (74 -150.977020 145 ) 
4 50 56 (74 -150.977020 145 ) (74 -150.977020 154 ) (74 -119.262009 154 ) (74 -119.262009 145 ) 
4 51 55 (74 -115.168999 128 ) (74 -115.168999 136 ) (74 -52.761501 136 ) (74 -52.761501 128 ) 
4 52 60 (76 -150.977020 128 ) (76 -150.977020 136 ) (74 -150.977020 136 ) (74 -150.977020 128 ) 
4 52 56 (74 -150.977020 128 ) (74 -150.977020 136 ) (74 -119.262009 136 ) (74 -119.262009 128 ) 
4 53 79 (0 -150.977020 192 ) (0 -150.977020 258 ) (0 -21 258 ) (0 -21 192 ) 
4 53 68 (0 -21 258 ) (0 -19 258 ) (0 -19 192 ) (0 -21 192 ) 
4 53 61 (70 -150.977020 192 ) (72 -150.977020 192 ) (72 -150.977020 258 ) (70 -150.977020 258 ) 
4 53 60 (72 -150.977020 192 ) (74 -150.977020 192 ) (74 -150.977020 258 ) (72 -150.977020 258 ) 
4 53 62 (0 -150.977020 258 ) (0 -150.977020 192 ) (70 -150.977020 192 ) (70 -150.977020 258 ) 
4 53 58 (70 -19 192 ) (72 -19 192 ) (72 -150.977020 192 ) (70 -150.977020 192 ) 
4 53 57 (72 -19 192 ) (73 -19 192 ) (73 -150.977020 192 ) (72 -150.977020 192 ) 
4 53 59 (0 -19 192 ) (70 -19 192 ) (70 -150.977020 192 ) (0 -150.977020 192 ) 
4 53 56 (74 -119.262009 192 ) (74 -150.977020 192 ) (73 -150.977020 192 ) (73 -119.262009 192 ) 
4 53 54 (73 -19 192 ) (74 -19 192 ) (74 -46.623100 192 ) (73 -46.623100 192 ) 
4 53 55 (74 -52.761501 192 ) (74 -115.168999 192 ) (73 -115.168999 192 ) (73 -52.761501 192 ) 
4 54 57 (73 -46.623100 192 ) (73 -19 192 ) (73 -19 65 ) (73 -46.623100 65 ) 
4 55 57 (73 -115.168999 192 ) (73 -52.761501 192 ) (73 -52.761501 65 ) (73 -115.168999 65 ) 
4 56 60 (73 -150.977020 65 ) (74 -150.977020 65 ) (74 -150.977020 192 ) (73 -150.977020 192 ) 
4 56 57 (73 -150.977020 65 ) (73 -150.977020 192 ) (73 -119.262009 192 ) (73 -119.262009 65 ) 
4 57 60 (72 -150.977020 65 ) (73 -150.977020 65 ) (73 -150.977020 192 ) (72 -150.977020 192 ) 
4 57 58 (72 -150.977020 104 ) (72 -150.977020 192 ) (72 -19 192 ) (72 -19 104 ) 
4 58 61 (72 -150.977020 104 ) (72 -150.977020 192 ) (70 -150.977020 192 ) (70 -150.977020 104 ) 
4 58 59 (70 -150.977020 104 ) (70 -150.977020 192 ) (70 -19 192 ) (70 -19 104 ) 
4 59 79 (0 -21 65 ) (0 -150.977020 65 ) (0 -150.977020 192 ) (0 -21 192 ) 
4 59 74 (0 -19 65 ) (0 -21 65 ) (0 -21 192 ) (0 -19 192 ) 
4 59 62 (0 -150.977020 192 ) (0 -150.977020 65 ) (70 -150.977020 65 ) (70 -150.977020 192 ) 
4 60 63 (72 -152 65 ) (76 -152 65 ) (76 -152 258 ) (72 -152 258 ) 
4 60 61 (72 -152 104 ) (72 -152 258 ) (72 -150.977020 258 ) (72 -150.977020 104 ) 
4 61 63 (72 -152 104 ) (72 -152 258 ) (70 -152 258 ) (70 -152 104 ) 
4 61 62 (70 -152 104 ) (70 -152 258 ) (70 -150.977020 258 ) (70 -150.977020 104 ) 
4 62 79 (0 -150.977020 65 ) (0 -152 65 ) (0 -152 258 ) (0 -150.977020 258 ) 
4 62 63 (0 -152 65 ) (70 -152 65 ) (70 -152 258 ) (0 -152 258 ) 
4 63 96 (0 -298 65 ) (0 -357 65 ) (0 -357 258 ) (0 -298 258 ) 
4 63 88 (0 -170 65 ) (0 -298 65 ) (0 -298 258 ) (0 -170 258 ) 
4 63 79 (0 -152 65 ) (0 -170 65 ) (0 -170 258 ) (0 -152 258 ) 
4 63 66 (0 -357 65 ) (0 -298 65 ) (76 -298 65 ) (76 -357 65 ) 
4 64 67 (341 0 0 ) (480 0 0 ) (480 -21 0 ) (341 -21 0 ) 
4 64 65 (362 -21 0 ) (480 -21 0 ) (480 -21 65 ) (362 -21 65 ) 
4 65 67 (480 -298 0 ) (362 -298 0 ) (362 -21 0 ) (480 -21 0 ) 
4 65 66 (362 -298 0 ) (480 -298 0 ) (480 -298 65 ) (362 -298 65 ) 
4 66 97 (0 -298 0 ) (0 -357 0 ) (0 -357 64 ) (0 -298 64 ) 
4 66 96 (0 -357 64 ) (0 -357 65 ) (0 -298 65 ) (0 -298 64 ) 
4 66 67 (0 -357 0 ) (0 -298 0 ) (480 -298 0 ) (480 -357 0 ) 
4 67 98 (0 0 0 ) (0 0 -33 ) (0 -357 -33 ) (0 -357 0 ) 
4 68 83 (-99 -21 258 ) (-107 -21 258 ) (-107 -21 192 ) (-99 -21 192 ) 
4 68 82 (-68 -21 258 ) (-99 -21 258 ) (-99 -21 192 ) (-68 -21 192 ) 
4 68 84 (-107 -21 258 ) (-146 -21 258 ) (-146 -21 192 ) (-107 -21 192 ) 
4 68 81 (-66 -21 258 ) (-68 -21 258 ) (-68 -21 192 ) (-66 -21 192 ) 
4 68 80 (-64 -21 258 ) (-66 -21 258 ) (-66 -21 192 ) (-64 -21 192 ) 
4 68 79 (0 -21 192 ) (0 -21 258 ) (-64 -21 258 ) (-64 -21 192 ) 
4 68 77 (-99 -21 192 ) (-107 -21 192 ) (-107 -1 192 ) (-99 -1 192 ) 
4 68 78 (-107 -21 192 ) (-146 -21 192 ) (-146 0 192 ) (-107 0 192 ) 
4 68 76 (-73 -21 192 ) (-99 -21 192 ) (-99 -1 192 ) (-73 -1 192 ) 
4 68 74 (0 -21 192 ) (-64 -21 192 ) (-64 -1 192 ) (0 -1 192 ) 
4 68 75 (-64 -21 192 ) (-65 -21 192 ) (-65 -1 192 ) (-64 -1 192 ) 
4 68 73 (-99 -1 192 ) (-99 0 192 ) (-98 0 192 ) (-98 -1 192 ) 
4 68 72 (-98 0 192 ) (-68 0 192 ) (-68 -1 192 ) (-98 -1 192 ) 
4 68 71 (-68 0 192 ) (-66 0 192 ) (-66 -1 192 ) (-68 -1 192 ) 
4 68 70 (-66 0 192 ) (-64 0 192 ) (-64 -1 192 ) (-66 -1 192 ) 
4 68 69 (-64 0 192 ) (0 0 192 ) (0 -1 192 ) (-64 -1 192 ) 
4 69 74 (0 -1 65 ) (0 -1 192 ) (-64 -1 192 ) (-64 -1 65 ) 
4 69 70 (-64 -1 65 ) (-64 -1 192 ) (-64 0 192 ) (-64 0 65 ) 
4 70 75 (-65 -1 64 ) (-64 -1 64 ) (-64 -1 192 ) (-65 -1 192 ) 
4 70 71 (-66 -1 104 ) (-66 -1 192 ) (-66 0 192 ) (-66 0 104 ) 
4 71 72 (-68 -1 104 ) (-68 -1 192 ) (-68 0 192 ) (-68 0 104 ) 
4 72 76 (-98 -1 64 ) (-73 -1 64 ) (-73 -1 192 ) (-98 -1 192 ) 
4 72 73 (-98 0 64 ) (-98 -1 64 ) (-98 -1 192 ) (-98 0 192 ) 
4 73 102 (-99 0 64 ) (-98 0 64 ) (-98 -1 64 ) (-99 -1 64 ) 
4 73 76 (-99 -1 192 ) (-99 -1 64 ) (-98 -1 64 ) (-98 -1 192 ) 
4 74 79 (0 -21 65 ) (0 -21 192 ) (-64 -21 192 ) (-64 -21 65 ) 
4 74 75 (-64 -1 192 ) (-64 -1 65 ) (-64 -21 65 ) (-64 -21 192 ) 
4 75 80 (-65 -21 64 ) (-64 -21 64 ) (-64 -21 192 ) (-65 -21 192 ) 
4 76 102 (-98 -21 64 ) (-99 -21 64 ) (-99 -1 64 ) (-98 -1 64 ) 
4 76 82 (-99 -21 64 ) (-73 -21 64 ) (-73 -21 192 ) (-99 -21 192 ) 
4 76 77 (-99 -1 64 ) (-99 -21 64 ) (-99 -21 192 ) (-99 -1 192 ) 
4 77 102 (-99 -1 64 ) (-99 -21 64 ) (-107 -21 64 ) (-107 -1 64 ) 
4 77 78 (-107 -1 64 ) (-107 -21 64 ) (-107 -21 192 ) (-107 -1 192 ) 
4 78 102 (-146 0 64 ) (-107 0 64 ) (-107 -21 64 ) (-146 -21 64 ) 
4 78 84 (-146 -21 64 ) (-107 -21 64 ) (-107 -21 192 ) (-146 -21 192 ) 
4 79 88 (0 -170 65 ) (0 -170 258 ) (-64 -170 258 ) (-64 -170 65 ) 
4 79 85 (-64 -170 65 ) (-64 -170 258 ) (-64 -150 258 ) (-64 -150 65 ) 
4 79 80 (-64 -150 258 ) (-64 -21 258 ) (-64 -21 65 ) (-64 -150 65 ) 
4 80 99 (-64 -130 64 ) (-64 -150 64 ) (-66 -150 64 ) (-66 -130 64 ) 
4 80 86 (-65 -150 192 ) (-65 -150 258 ) (-66 -150 258 ) (-66 -150 192 ) 
4 80 85 (-65 -150 64 ) (-64 -150 64 ) (-64 -150 258 ) (-65 -150 258 ) 
4 80 81 (-66 -150 104 ) (-66 -150 258 ) (-66 -21 258 ) (-66 -21 104 ) 
4 81 86 (-66 -150 192 ) (-66 -150 258 ) (-68 -150 258 ) (-68 -150 192 ) 
4 81 82 (-68 -150 104 ) (-68 -150 258 ) (-68 -21 258 ) (-68 -21 104 ) 
4 82 102 (-99 -21 64 ) (-98 -21 64 ) (-98 -150 64 ) (-99 -150 64 ) 
4 82 99 (-68 -130 64 ) (-68 -150 64 ) (-98 -150 64 ) (-98 -130 64 ) 
4 82 87 (-99 -150 64 ) (-73 -150 64 ) (-73 -150 258 ) (-99 -150 258 ) 
4 82 86 (-68 -150 192 ) (-68 -150 258 ) (-73 -150 258 ) (-73 -150 192 ) 
4 82 83 (-99 -150 192 ) (-99 -150 258 ) (-99 -21 258 ) (-99 -21 192 ) 
4 83 87 (-99 -150 192 ) (-99 -150 258 ) (-107 -150 258 ) (-107 -150 192 ) 
4 83 84 (-107 -150 192 ) (-107 -150 258 ) (-107 -21 258 ) (-107 -21 192 ) 
4 84 102 (-146 -21 64 ) (-107 -21 64 ) (-107 -150 64 ) (-146 -150 64 ) 
4 84 87 (-146 -150 64 ) (-107 -150 64 ) (-107 -150 258 ) (-146 -150 258 ) 
4 85 99 (-65 -150 64 ) (-64 -150 64 ) (-64 -170 64 ) (-65 -170 64 ) 
4 85 89 (-65 -170 64 ) (-64 -170 64 ) (-64 -170 258 ) (-65 -170 258 ) 
4 85 86 (-65 -150 258 ) (-65 -150 192 ) (-65 -170 192 ) (-65 -170 258 ) 
4 86 91 (-68 -170 258 ) (-73 -170 258 ) (-73 -170 192 ) (-68 -170 192 ) 
4 86 90 (-66 -170 258 ) (-68 -170 258 ) (-68 -170 192 ) (-66 -170 192 ) 
4 86 89 (-65 -170 192 ) (-65 -170 258 ) (-66 -170 258 ) (-66 -170 192 ) 
4 86 87 (-73 -150 258 ) (-73 -150 192 ) (-73 -170 192 ) (-73 -170 258 ) 
4 87 102 (-146 -150 64 ) (-98 -150 64 ) (-98 -170 64 ) (-146 -170 64 ) 
4 87 99 (-98 -150 64 ) (-73 -150 64 ) (-73 -170 64 ) (-98 -170 64 ) 
4 87 94 (-99 -170 192 ) (-99 -170 258 ) (-107 -170 258 ) (-107 -170 192 ) 
4 87 95 (-146 -170 64 ) (-107 -170 64 ) (-107 -170 258 ) (-146 -170 258 ) 
4 87 93 (-99 -170 64 ) (-98 -170 64 ) (-98 -170 192 ) (-99 -170 192 ) 
4 87 92 (-98 -170 64 ) (-73 -170 64 ) (-73 -170 192 ) (-98 -170 192 ) 
4 87 91 (-73 -170 192 ) (-73 -170 258 ) (-99 -170 258 ) (-99 -170 192 ) 
4 88 96 (0 -298 65 ) (0 -298 258 ) (-64 -298 258 ) (-64 -298 65 ) 
4 88 89 (-64 -298 65 ) (-64 -298 258 ) (-64 -170 258 ) (-64 -170 65 ) 
4 89 96 (-66 -298 64 ) (-64 -298 64 ) (-64 -298 258 ) (-66 -298 258 ) 
4 89 90 (-66 -298 104 ) (-66 -298 258 ) (-66 -170 258 ) (-66 -170 104 ) 
4 90 96 (-66 -298 104 ) (-66 -298 258 ) (-68 -298 258 ) (-68 -298 104 ) 
4 90 92 (-68 -298 104 ) (-68 -298 192 ) (-68 -170 192 ) (-68 -170 104 ) 
4 90 91 (-68 -298 192 ) (-68 -298 258 ) (-68 -170 258 ) (-68 -170 192 ) 
4 91 96 (-68 -298 192 ) (-68 -298 258 ) (-99 -298 258 ) (-99 -298 192 ) 
4 91 94 (-99 -298 192 ) (-99 -298 258 ) (-99 -170 258 ) (-99 -170 192 ) 
4 91 93 (-99 -298 192 ) (-99 -170 192 ) (-98 -170 192 ) (-98 -298 192 ) 
4 91 92 (-98 -170 192 ) (-68 -170 192 ) (-68 -298 192 ) (-98 -298 192 ) 
4 92 96 (-98 -298 64 ) (-68 -298 64 ) (-68 -298 192 ) (-98 -298 192 ) 
4 92 93 (-98 -298 64 ) (-98 -298 192 ) (-98 -170 192 ) (-98 -170 64 ) 
4 93 102 (-99 -170 64 ) (-98 -170 64 ) (-98 -298 64 ) (-99 -298 64 ) 
4 93 96 (-99 -298 64 ) (-98 -298 64 ) (-98 -298 192 ) (-99 -298 192 ) 
4 94 96 (-99 -298 192 ) (-99 -298 258 ) (-107 -298 258 ) (-107 -298 192 ) 
4 94 95 (-107 -298 192 ) (-107 -298 258 ) (-107 -170 258 ) (-107 -170 192 ) 
4 95 102 (-146 -170 64 ) (-107 -170 64 ) (-107 -298 64 ) (-146 -298 64 ) 
4 95 96 (-146 -298 64 ) (-107 -298 64 ) (-107 -298 258 ) (-146 -298 258 ) 
4 96 102 (-146 -357 64 ) (-146 -298 64 ) (-98 -298 64 ) (-98 -357 64 ) 
4 96 100 (-98 -298 64 ) (-64 -298 64 ) (-64 -357 64 ) (-98 -357 64 ) 
4 96 97 (-64 -298 64 ) (0 -298 64 ) (0 -357 64 ) (-64 -357 64 ) 
4 97 100 (-64 -357 64 ) (-64 -298 64 ) (-64 -298 0 ) (-64 -357 0 ) 
4 97 98 (-64 -357 0 ) (-64 -298 0 ) (0 -298 0 ) (0 -357 0 ) 
4 98 101 (-64 0 0 ) (-64 0 -33 ) (-64 -357 -33 ) (-64 -357 0 ) 
4 99 102 (-98 -170 64 ) (-98 -130 64 ) (-98 -130 0 ) (-98 -170 0 ) 
4 99 101 (-98 -170 0 ) (-98 -130 0 ) (-64 -130 0 ) (-64 -170 0 ) 
4 100 102 (-98 -357 64 ) (-98 -298 64 ) (-98 -298 0 ) (-98 -357 0 ) 
4 100 101 (-98 -357 0 ) (-98 -298 0 ) (-64 -298 0 ) (-64 -357 0 ) 
4 101 102 (-98 0 -33 ) (-98 -357 -33 ) (-98 -357 0 ) (-98 0 0 ) 
